C:\USERS\BANHT_000\DESKTOP\BLOCKBREAKER\FRAMEWORK2D\DEBUG\GAMEENGINE.LIB
C:\Users\banht_000\Desktop\BlockBreaker\Framework2D\GameEngine\Debug\cl.command.1.tlog
C:\Users\banht_000\Desktop\BlockBreaker\Framework2D\GameEngine\Debug\CL.read.1.tlog
C:\Users\banht_000\Desktop\BlockBreaker\Framework2D\GameEngine\Debug\CL.write.1.tlog
C:\USERS\BANHT_000\DESKTOP\BLOCKBREAKER\FRAMEWORK2D\GAMEENGINE\DEBUG\DEVICE.OBJ
C:\Users\banht_000\Desktop\BlockBreaker\Framework2D\GameEngine\Debug\GameEngine.vcxprojResolveAssemblyReference.cache
C:\Users\banht_000\Desktop\BlockBreaker\Framework2D\GameEngine\Debug\GameEngine.write.1.tlog
C:\USERS\BANHT_000\DESKTOP\BLOCKBREAKER\FRAMEWORK2D\GAMEENGINE\DEBUG\GAMETIME.OBJ
C:\USERS\BANHT_000\DESKTOP\BLOCKBREAKER\FRAMEWORK2D\GAMEENGINE\DEBUG\GEOMETRY.OBJ
C:\USERS\BANHT_000\DESKTOP\BLOCKBREAKER\FRAMEWORK2D\GAMEENGINE\DEBUG\GRAPHICS.OBJ
C:\USERS\BANHT_000\DESKTOP\BLOCKBREAKER\FRAMEWORK2D\GAMEENGINE\DEBUG\IMAGE.OBJ
C:\USERS\BANHT_000\DESKTOP\BLOCKBREAKER\FRAMEWORK2D\GAMEENGINE\DEBUG\INPUTMANAGER.OBJ
C:\Users\banht_000\Desktop\BlockBreaker\Framework2D\GameEngine\Debug\lib.command.1.tlog
C:\Users\banht_000\Desktop\BlockBreaker\Framework2D\GameEngine\Debug\Lib.read.1.tlog
C:\Users\banht_000\Desktop\BlockBreaker\Framework2D\GameEngine\Debug\Lib-link.read.1.tlog
C:\Users\banht_000\Desktop\BlockBreaker\Framework2D\GameEngine\Debug\Lib-link.write.1.tlog
C:\USERS\BANHT_000\DESKTOP\BLOCKBREAKER\FRAMEWORK2D\GAMEENGINE\DEBUG\LOGGER.OBJ
C:\USERS\BANHT_000\DESKTOP\BLOCKBREAKER\FRAMEWORK2D\GAMEENGINE\DEBUG\SHADER.OBJ
C:\Users\banht_000\Desktop\BlockBreaker\Framework2D\GameEngine\Debug\vc100.idb
C:\USERS\BANHT_000\DESKTOP\BLOCKBREAKER\FRAMEWORK2D\GAMEENGINE\DEBUG\VC100.PDB
