Build started 3/20/2014 8:03:04 PM.
     1>Project "C:\Users\banht_000\Desktop\BlockBreaker\Framework2D\NetworkGame\NetworkGame.vcxproj" on node 2 (build target(s)).
     1>InitializeBuildStatus:
         Touching "Debug\NetworkGame.unsuccessfulbuild".
       ClCompile:
         All outputs are up-to-date.
       ManifestResourceCompile:
         All outputs are up-to-date.
       Link:
         C:\Program Files (x86)\Microsoft Visual Studio 10.0\VC\bin\link.exe /ERRORREPORT:PROMPT /OUT:"..\Bin\NetworkGame.exe" /INCREMENTAL /NOLOGO /LIBPATH:..\Library\OpenGLES\Lib libGLESv2.lib libEGL.lib kernel32.lib user32.lib gdi32.lib winspool.lib comdlg32.lib advapi32.lib shell32.lib ole32.lib oleaut32.lib uuid.lib odbc32.lib odbccp32.lib /MANIFEST /ManifestFile:"Debug\NetworkGame.exe.intermediate.manifest" /MANIFESTUAC:"level='asInvoker' uiAccess='false'" /DEBUG /PDB:"C:\Users\banht_000\Desktop\BlockBreaker\Framework2D\Bin\NetworkGame.pdb" /SUBSYSTEM:CONSOLE /TLBID:1 /DYNAMICBASE /NXCOMPAT /IMPLIB:"..\Bin\NetworkGame.lib" /MACHINE:X86 Debug\NetworkGame.exe.embed.manifest.res
         Debug\Main.obj
         C:\Users\banht_000\Desktop\BlockBreaker\Framework2D\Debug\GameEngine.lib
         C:\Users\banht_000\Desktop\BlockBreaker\Framework2D\Debug\LibPNG.lib
       Manifest:
         C:\Program Files (x86)\Microsoft SDKs\Windows\v7.0A\bin\mt.exe /nologo /verbose /out:"Debug\NetworkGame.exe.embed.manifest" /manifest Debug\NetworkGame.exe.intermediate.manifest
         C:\Program Files (x86)\Microsoft SDKs\Windows\v7.0A\bin\rc.exe /nologo /fo"Debug\NetworkGame.exe.embed.manifest.res" Debug\NetworkGame_manifest.rc 
       LinkEmbedManifest:
         C:\Program Files (x86)\Microsoft Visual Studio 10.0\VC\bin\link.exe /ERRORREPORT:PROMPT /OUT:"..\Bin\NetworkGame.exe" /INCREMENTAL /NOLOGO /LIBPATH:..\Library\OpenGLES\Lib libGLESv2.lib libEGL.lib kernel32.lib user32.lib gdi32.lib winspool.lib comdlg32.lib advapi32.lib shell32.lib ole32.lib oleaut32.lib uuid.lib odbc32.lib odbccp32.lib /MANIFEST /ManifestFile:"Debug\NetworkGame.exe.intermediate.manifest" /MANIFESTUAC:"level='asInvoker' uiAccess='false'" /DEBUG /PDB:"C:\Users\banht_000\Desktop\BlockBreaker\Framework2D\Bin\NetworkGame.pdb" /SUBSYSTEM:CONSOLE /TLBID:1 /DYNAMICBASE /NXCOMPAT /IMPLIB:"..\Bin\NetworkGame.lib" /MACHINE:X86 Debug\NetworkGame.exe.embed.manifest.res
         Debug\Main.obj
         C:\Users\banht_000\Desktop\BlockBreaker\Framework2D\Debug\GameEngine.lib
         C:\Users\banht_000\Desktop\BlockBreaker\Framework2D\Debug\LibPNG.lib
         NetworkGame.vcxproj -> C:\Users\banht_000\Desktop\BlockBreaker\Framework2D\NetworkGame\..\Bin\NetworkGame.exe
       FinalizeBuildStatus:
         Deleting file "Debug\NetworkGame.unsuccessfulbuild".
         Touching "Debug\NetworkGame.lastbuildstate".
     1>Done Building Project "C:\Users\banht_000\Desktop\BlockBreaker\Framework2D\NetworkGame\NetworkGame.vcxproj" (build target(s)).

Build succeeded.

Time Elapsed 00:00:00.95
