..\Bin\NetworkGame.ilk
..\Bin\NetworkGame.pdb
C:\USERS\BANHT_000\DESKTOP\BLOCKBREAKER\FRAMEWORK2D\BIN\NETWORKGAME.EXE
C:\USERS\BANHT_000\DESKTOP\BLOCKBREAKER\FRAMEWORK2D\BIN\NETWORKGAME.ILK
C:\USERS\BANHT_000\DESKTOP\BLOCKBREAKER\FRAMEWORK2D\BIN\NETWORKGAME.PDB
C:\Users\banht_000\Desktop\BlockBreaker\Framework2D\NetworkGame\..\Bin\NetworkGame.exe
C:\Users\banht_000\Desktop\BlockBreaker\Framework2D\NetworkGame\Debug\cl.command.1.tlog
C:\Users\banht_000\Desktop\BlockBreaker\Framework2D\NetworkGame\Debug\CL.read.1.tlog
C:\Users\banht_000\Desktop\BlockBreaker\Framework2D\NetworkGame\Debug\CL.write.1.tlog
C:\Users\banht_000\Desktop\BlockBreaker\Framework2D\NetworkGame\Debug\link.2708.read.1.tlog
C:\Users\banht_000\Desktop\BlockBreaker\Framework2D\NetworkGame\Debug\link.2708.read.3.tlog
C:\Users\banht_000\Desktop\BlockBreaker\Framework2D\NetworkGame\Debug\link.2708.write.1.tlog
C:\Users\banht_000\Desktop\BlockBreaker\Framework2D\NetworkGame\Debug\link.2708-cvtres.read.1.tlog
C:\Users\banht_000\Desktop\BlockBreaker\Framework2D\NetworkGame\Debug\link.2708-cvtres.write.1.tlog
C:\Users\banht_000\Desktop\BlockBreaker\Framework2D\NetworkGame\Debug\link.command.1.tlog
C:\Users\banht_000\Desktop\BlockBreaker\Framework2D\NetworkGame\Debug\link.read.1.tlog
C:\Users\banht_000\Desktop\BlockBreaker\Framework2D\NetworkGame\Debug\link.read.3.tlog
C:\Users\banht_000\Desktop\BlockBreaker\Framework2D\NetworkGame\Debug\link.write.1.tlog
C:\Users\banht_000\Desktop\BlockBreaker\Framework2D\NetworkGame\Debug\link-cvtres.read.1.tlog
C:\Users\banht_000\Desktop\BlockBreaker\Framework2D\NetworkGame\Debug\link-cvtres.write.1.tlog
C:\USERS\BANHT_000\DESKTOP\BLOCKBREAKER\FRAMEWORK2D\NETWORKGAME\DEBUG\MAIN.OBJ
C:\Users\banht_000\Desktop\BlockBreaker\Framework2D\NetworkGame\Debug\mt.command.1.tlog
C:\Users\banht_000\Desktop\BlockBreaker\Framework2D\NetworkGame\Debug\mt.read.1.tlog
C:\Users\banht_000\Desktop\BlockBreaker\Framework2D\NetworkGame\Debug\mt.write.1.tlog
C:\USERS\BANHT_000\DESKTOP\BLOCKBREAKER\FRAMEWORK2D\NETWORKGAME\DEBUG\NETWORKGAME.EXE.EMBED.MANIFEST
C:\USERS\BANHT_000\DESKTOP\BLOCKBREAKER\FRAMEWORK2D\NETWORKGAME\DEBUG\NETWORKGAME.EXE.EMBED.MANIFEST.RES
C:\USERS\BANHT_000\DESKTOP\BLOCKBREAKER\FRAMEWORK2D\NETWORKGAME\DEBUG\NETWORKGAME.EXE.INTERMEDIATE.MANIFEST
C:\Users\banht_000\Desktop\BlockBreaker\Framework2D\NetworkGame\Debug\NetworkGame.vcxprojResolveAssemblyReference.cache
C:\Users\banht_000\Desktop\BlockBreaker\Framework2D\NetworkGame\Debug\NetworkGame.write.1.tlog
C:\Users\banht_000\Desktop\BlockBreaker\Framework2D\NetworkGame\Debug\NetworkGame_manifest.rc
C:\Users\banht_000\Desktop\BlockBreaker\Framework2D\NetworkGame\Debug\rc.command.1.tlog
C:\Users\banht_000\Desktop\BlockBreaker\Framework2D\NetworkGame\Debug\rc.read.1.tlog
C:\Users\banht_000\Desktop\BlockBreaker\Framework2D\NetworkGame\Debug\rc.write.1.tlog
C:\Users\banht_000\Desktop\BlockBreaker\Framework2D\NetworkGame\Debug\vc100.idb
C:\USERS\BANHT_000\DESKTOP\BLOCKBREAKER\FRAMEWORK2D\NETWORKGAME\DEBUG\VC100.PDB
